[2022-05-10T14:20:51.383] [INFO] info - Request POST /activity/add
[2022-05-10T14:20:51.895] [INFO] info - Server connected on port: 4000
[2022-05-10T14:20:52.282] [INFO] info - Request POST /activity/add Status code 201 OK
[2022-05-10T14:20:52.609] [INFO] info - Request DELETE /activity/delete:id
[2022-05-10T14:20:52.650] [INFO] info - Request DELETE /activity/delete/:id Status code 201 OK
[2022-05-10T14:20:52.663] [INFO] info - Request GET /users/list
[2022-05-10T14:20:52.711] [INFO] info - Request GET /users/list Status 200 OK
[2022-05-10T14:20:52.745] [INFO] info - Request POST /users/add
[2022-05-10T14:20:52.947] [INFO] info - Request POST /users/add Status 201 OK
[2022-05-10T14:20:52.974] [INFO] info - Request POST /users/login
[2022-05-10T14:20:53.208] [INFO] info - Request POST /users/login
[2022-05-10T14:20:53.449] [INFO] info - Request POST /users/update/:id
[2022-05-10T14:20:53.515] [INFO] info - Request POST /users/update/:id Status 201 OK
[2022-05-10T14:20:53.568] [INFO] info - Request DELETE /users/delete/:id
[2022-05-10T14:20:53.607] [INFO] info - Request POST /users/delete/:id Status 201 OK
[2022-05-10T14:20:53.635] [INFO] info - Request GET /rooms/
[2022-05-10T14:20:53.670] [INFO] info - Request GET /rooms/ Status 201 OK
[2022-05-10T14:20:53.689] [INFO] info - Request POST /rooms/add
[2022-05-10T14:20:53.766] [INFO] info - Request POST /rooms/add Status 201 OK
[2022-05-10T14:20:53.800] [INFO] info - Request POST /rooms/add
[2022-05-10T14:20:53.874] [INFO] info - Request PATCH /rooms/update/:id
[2022-05-10T14:20:53.939] [INFO] info - Request POST /rooms/update/:id Status 201 OK
[2022-05-10T14:20:54.002] [INFO] info - Request DELETE /rooms/delete/:id
[2022-05-10T14:20:54.045] [INFO] info - Request DELETE /rooms/delete/:id Status 201 OK
[2022-05-10T14:21:29.246] [INFO] info - Request POST /activity/add
[2022-05-10T14:21:29.639] [INFO] info - Server connected on port: 4000
[2022-05-10T14:21:30.016] [INFO] info - Request POST /activity/add Status code 201 OK
[2022-05-10T14:21:30.086] [INFO] info - Request DELETE /activity/delete:id
[2022-05-10T14:21:30.143] [INFO] info - Request DELETE /activity/delete/:id Status code 201 OK
[2022-05-10T14:21:30.158] [INFO] info - Request GET /users/list
[2022-05-10T14:21:30.207] [INFO] info - Request GET /users/list Status 200 OK
[2022-05-10T14:21:30.233] [INFO] info - Request POST /users/add
[2022-05-10T14:21:30.764] [INFO] info - Request POST /users/add Status 201 OK
[2022-05-10T14:21:30.778] [INFO] info - Request POST /users/login
[2022-05-10T14:21:31.303] [INFO] info - Request POST /users/login
[2022-05-10T14:21:31.681] [INFO] info - Request POST /users/update/:id
[2022-05-10T14:21:32.042] [INFO] info - Request POST /users/update/:id Status 201 OK
[2022-05-10T14:21:32.194] [INFO] info - Request DELETE /users/delete/:id
[2022-05-10T14:21:32.237] [INFO] info - Request POST /users/delete/:id Status 201 OK
[2022-05-10T14:21:32.251] [INFO] info - Request GET /rooms/
[2022-05-10T14:21:32.610] [INFO] info - Request GET /rooms/ Status 201 OK
[2022-05-10T14:21:32.650] [INFO] info - Request POST /rooms/add
[2022-05-10T14:21:32.732] [INFO] info - Request POST /rooms/add Status 201 OK
[2022-05-10T14:21:32.736] [INFO] info - Request POST /rooms/add
[2022-05-10T14:21:32.814] [INFO] info - Request PATCH /rooms/update/:id
[2022-05-10T14:21:32.890] [INFO] info - Request POST /rooms/update/:id Status 201 OK
[2022-05-10T14:21:32.936] [INFO] info - Request DELETE /rooms/delete/:id
[2022-05-10T14:21:32.985] [INFO] info - Request DELETE /rooms/delete/:id Status 201 OK
[2022-05-10T14:21:45.808] [INFO] info - Request POST /activity/add
[2022-05-10T14:21:46.386] [INFO] info - Server connected on port: 4000
[2022-05-10T14:21:46.769] [INFO] info - Request POST /activity/add Status code 201 OK
[2022-05-10T14:21:46.850] [INFO] info - Request DELETE /activity/delete:id
[2022-05-10T14:21:46.896] [INFO] info - Request DELETE /activity/delete/:id Status code 201 OK
[2022-05-10T14:21:46.912] [INFO] info - Request GET /users/list
[2022-05-10T14:21:46.945] [INFO] info - Request GET /users/list Status 200 OK
[2022-05-10T14:21:46.969] [INFO] info - Request POST /users/add
[2022-05-10T14:21:47.140] [INFO] info - Request POST /users/add Status 201 OK
[2022-05-10T14:21:47.155] [INFO] info - Request POST /users/login
[2022-05-10T14:21:47.374] [INFO] info - Request POST /users/login
[2022-05-10T14:21:47.641] [INFO] info - Request POST /users/update/:id
[2022-05-10T14:21:47.727] [INFO] info - Request POST /users/update/:id Status 201 OK
[2022-05-10T14:21:47.803] [INFO] info - Request DELETE /users/delete/:id
[2022-05-10T14:21:47.844] [INFO] info - Request POST /users/delete/:id Status 201 OK
[2022-05-10T14:21:47.866] [INFO] info - Request GET /rooms/
[2022-05-10T14:21:47.897] [INFO] info - Request GET /rooms/ Status 201 OK
[2022-05-10T14:21:47.916] [INFO] info - Request POST /rooms/add
[2022-05-10T14:21:48.002] [INFO] info - Request POST /rooms/add Status 201 OK
[2022-05-10T14:21:48.022] [INFO] info - Request POST /rooms/add
[2022-05-10T14:21:48.091] [INFO] info - Request PATCH /rooms/update/:id
[2022-05-10T14:21:48.187] [INFO] info - Request POST /rooms/update/:id Status 201 OK
[2022-05-10T14:21:48.250] [INFO] info - Request DELETE /rooms/delete/:id
[2022-05-10T14:21:48.288] [INFO] info - Request DELETE /rooms/delete/:id Status 201 OK
[2022-05-10T14:25:56.243] [INFO] info - Request GET /activity/
[2022-05-10T14:25:57.272] [INFO] info - Server connected on port: 4000
[2022-05-10T14:25:57.828] [INFO] info - Request GET /activity/ Status code 200 OK
[2022-05-10T14:25:57.874] [INFO] info - Request POST /activity/add
[2022-05-10T14:25:57.931] [INFO] info - Request POST /activity/add Status code 201 OK
[2022-05-10T14:25:58.019] [INFO] info - Request DELETE /activity/delete:id
[2022-05-10T14:25:58.069] [INFO] info - Request DELETE /activity/delete/:id Status code 201 OK
[2022-05-10T14:25:58.082] [INFO] info - Request GET /users/list
[2022-05-10T14:25:58.121] [INFO] info - Request GET /users/list Status 200 OK
[2022-05-10T14:25:58.144] [INFO] info - Request POST /users/add
[2022-05-10T14:25:58.355] [INFO] info - Request POST /users/add Status 201 OK
[2022-05-10T14:25:58.372] [INFO] info - Request POST /users/login
[2022-05-10T14:26:33.686] [INFO] info - Request GET /activity/
[2022-05-10T14:26:34.141] [INFO] info - Server connected on port: 4000
[2022-05-10T14:26:34.783] [INFO] info - Request GET /activity/ Status code 200 OK
[2022-05-10T14:26:34.821] [INFO] info - Request POST /activity/add
[2022-05-10T14:26:34.867] [INFO] info - Request POST /activity/add Status code 201 OK
[2022-05-10T14:26:34.908] [INFO] info - Request DELETE /activity/delete:id
[2022-05-10T14:26:34.955] [INFO] info - Request DELETE /activity/delete/:id Status code 201 OK
[2022-05-10T14:26:34.981] [INFO] info - Request GET /users/list
[2022-05-10T14:26:35.023] [INFO] info - Request GET /users/list Status 200 OK
[2022-05-10T14:26:35.053] [INFO] info - Request POST /users/add
[2022-05-10T14:26:35.113] [INFO] info - Request POST /users/login
[2022-05-10T14:26:35.334] [INFO] info - Request POST /users/login
[2022-05-10T14:26:35.614] [INFO] info - Request POST /users/update/:id
[2022-05-10T14:26:35.695] [INFO] info - Request POST /users/update/:id Status 201 OK
[2022-05-10T14:26:35.756] [INFO] info - Request DELETE /users/delete/:id
[2022-05-10T14:26:35.806] [INFO] info - Request POST /users/delete/:id Status 201 OK
[2022-05-10T14:26:35.838] [INFO] info - Request GET /rooms/
[2022-05-10T14:26:35.875] [INFO] info - Request GET /rooms/ Status 201 OK
[2022-05-10T14:26:35.890] [INFO] info - Request POST /rooms/add
[2022-05-10T14:26:35.950] [INFO] info - Request POST /rooms/add Status 201 OK
[2022-05-10T14:26:35.964] [INFO] info - Request POST /rooms/add
[2022-05-10T14:26:36.061] [INFO] info - Request PATCH /rooms/update/:id
[2022-05-10T14:26:36.149] [INFO] info - Request POST /rooms/update/:id Status 201 OK
[2022-05-10T14:26:36.203] [INFO] info - Request DELETE /rooms/delete/:id
[2022-05-10T14:26:36.244] [INFO] info - Request DELETE /rooms/delete/:id Status 201 OK
[2022-05-10T14:26:57.490] [INFO] info - Request GET /activity/
[2022-05-10T14:26:58.064] [INFO] info - Server connected on port: 4000
[2022-05-10T14:26:58.615] [INFO] info - Request GET /activity/ Status code 200 OK
[2022-05-10T14:26:58.652] [INFO] info - Request POST /activity/add
[2022-05-10T14:26:58.701] [INFO] info - Request POST /activity/add Status code 201 OK
[2022-05-10T14:26:58.757] [INFO] info - Request DELETE /activity/delete:id
[2022-05-10T14:26:58.807] [INFO] info - Request DELETE /activity/delete/:id Status code 201 OK
[2022-05-10T14:26:58.830] [INFO] info - Request GET /users/list
[2022-05-10T14:26:58.868] [INFO] info - Request GET /users/list Status 200 OK
[2022-05-10T14:26:58.898] [INFO] info - Request POST /users/add
[2022-05-10T14:26:59.078] [INFO] info - Request POST /users/add Status 201 OK
[2022-05-10T14:26:59.090] [INFO] info - Request POST /users/login
[2022-05-10T14:26:59.323] [INFO] info - Request POST /users/login
[2022-05-10T14:26:59.574] [INFO] info - Request POST /users/update/:id
[2022-05-10T14:26:59.688] [INFO] info - Request POST /users/update/:id Status 201 OK
[2022-05-10T14:26:59.748] [INFO] info - Request DELETE /users/delete/:id
[2022-05-10T14:26:59.786] [INFO] info - Request POST /users/delete/:id Status 201 OK
[2022-05-10T14:26:59.806] [INFO] info - Request GET /rooms/
[2022-05-10T14:26:59.843] [INFO] info - Request GET /rooms/ Status 201 OK
[2022-05-10T14:26:59.858] [INFO] info - Request POST /rooms/add
[2022-05-10T14:26:59.925] [INFO] info - Request POST /rooms/add Status 201 OK
[2022-05-10T14:26:59.942] [INFO] info - Request POST /rooms/add
[2022-05-10T14:27:00.029] [INFO] info - Request PATCH /rooms/update/:id
[2022-05-10T14:27:00.113] [INFO] info - Request POST /rooms/update/:id Status 201 OK
[2022-05-10T14:27:00.185] [INFO] info - Request DELETE /rooms/delete/:id
[2022-05-10T14:27:00.231] [INFO] info - Request DELETE /rooms/delete/:id Status 201 OK
[2022-05-10T14:27:04.748] [INFO] info - Request GET /activity/
[2022-05-10T14:27:05.203] [INFO] info - Server connected on port: 4000
[2022-05-10T14:27:05.744] [INFO] info - Request GET /activity/ Status code 200 OK
[2022-05-10T14:27:05.780] [INFO] info - Request POST /activity/add
[2022-05-10T14:27:05.829] [INFO] info - Request POST /activity/add Status code 201 OK
[2022-05-10T14:27:05.891] [INFO] info - Request DELETE /activity/delete:id
[2022-05-10T14:27:05.944] [INFO] info - Request DELETE /activity/delete/:id Status code 201 OK
[2022-05-10T14:27:05.965] [INFO] info - Request GET /users/list
[2022-05-10T14:27:06.011] [INFO] info - Request GET /users/list Status 200 OK
[2022-05-10T14:27:06.041] [INFO] info - Request POST /users/add
[2022-05-10T14:27:06.230] [INFO] info - Request POST /users/add Status 201 OK
[2022-05-10T14:27:06.243] [INFO] info - Request POST /users/login
[2022-05-10T14:27:06.484] [INFO] info - Request POST /users/login
[2022-05-10T14:27:06.753] [INFO] info - Request POST /users/update/:id
[2022-05-10T14:27:06.851] [INFO] info - Request POST /users/update/:id Status 201 OK
[2022-05-10T14:27:06.915] [INFO] info - Request DELETE /users/delete/:id
[2022-05-10T14:27:06.953] [INFO] info - Request POST /users/delete/:id Status 201 OK
[2022-05-10T14:27:06.974] [INFO] info - Request GET /rooms/
[2022-05-10T14:27:07.026] [INFO] info - Request GET /rooms/ Status 201 OK
[2022-05-10T14:27:07.052] [INFO] info - Request POST /rooms/add
[2022-05-10T14:27:07.129] [INFO] info - Request POST /rooms/add Status 201 OK
[2022-05-10T14:27:07.157] [INFO] info - Request POST /rooms/add
[2022-05-10T14:27:07.250] [INFO] info - Request PATCH /rooms/update/:id
[2022-05-10T14:27:07.434] [INFO] info - Request POST /rooms/update/:id Status 201 OK
[2022-05-10T14:27:07.555] [INFO] info - Request DELETE /rooms/delete/:id
[2022-05-10T14:27:07.609] [INFO] info - Request DELETE /rooms/delete/:id Status 201 OK
[2022-05-10T14:36:57.433] [INFO] info - Request GET /activity/
[2022-05-10T14:36:58.581] [INFO] info - Server connected on port: 4000
[2022-05-10T14:36:59.103] [INFO] info - Request GET /activity/ Status code 200 OK
[2022-05-10T14:36:59.139] [INFO] info - Request POST /activity/add
[2022-05-10T14:36:59.186] [INFO] info - Request POST /activity/add Status code 201 OK
[2022-05-10T14:36:59.244] [INFO] info - Request DELETE /activity/delete:id
[2022-05-10T14:36:59.289] [INFO] info - Request DELETE /activity/delete/:id Status code 201 OK
[2022-05-10T14:36:59.313] [INFO] info - Request GET /users/list
[2022-05-10T14:36:59.381] [INFO] info - Request GET /users/list Status 200 OK
[2022-05-10T14:36:59.419] [INFO] info - Request POST /users/add
[2022-05-10T14:36:59.595] [INFO] info - Request POST /users/add Status 201 OK
[2022-05-10T14:36:59.608] [INFO] info - Request POST /users/login
[2022-05-10T14:36:59.826] [INFO] info - Request POST /users/login
[2022-05-10T14:37:00.275] [INFO] info - Request POST /users/update/:id
[2022-05-10T14:37:00.363] [INFO] info - Request POST /users/update/:id Status 201 OK
[2022-05-10T14:37:00.424] [INFO] info - Request DELETE /users/delete/:id
[2022-05-10T14:37:00.460] [INFO] info - Request POST /users/delete/:id Status 201 OK
[2022-05-10T14:37:00.481] [INFO] info - Request GET /rooms/
[2022-05-10T14:37:00.513] [INFO] info - Request GET /rooms/ Status 201 OK
[2022-05-10T14:37:00.527] [INFO] info - Request POST /rooms/add
[2022-05-10T14:37:00.587] [INFO] info - Request POST /rooms/add Status 201 OK
[2022-05-10T14:37:00.606] [INFO] info - Request POST /rooms/add
[2022-05-10T14:37:00.684] [INFO] info - Request PATCH /rooms/update/:id
[2022-05-10T14:37:00.779] [INFO] info - Request POST /rooms/update/:id Status 201 OK
[2022-05-10T14:37:00.839] [INFO] info - Request DELETE /rooms/delete/:id
[2022-05-10T14:37:00.893] [INFO] info - Request DELETE /rooms/delete/:id Status 201 OK
[2022-05-10T14:39:36.169] [INFO] info - Request GET /activity/
[2022-05-10T14:39:36.185] [INFO] info - Request POST /activity/add
[2022-05-10T14:39:36.217] [INFO] info - Request GET /users/list
[2022-05-10T14:39:36.230] [INFO] info - Request POST /users/add
[2022-05-10T14:39:36.256] [INFO] info - Request POST /users/login
[2022-05-10T14:39:36.402] [INFO] info - Request POST /users/login
[2022-05-10T14:39:36.500] [INFO] info - Request GET /rooms/
[2022-05-10T14:39:36.514] [INFO] info - Request POST /rooms/add
[2022-05-10T14:39:36.528] [INFO] info - Request POST /rooms/add
[2022-05-10T14:40:06.118] [INFO] info - Request GET /activity/
[2022-05-10T14:40:06.643] [INFO] info - Server connected on port: 4000
[2022-05-10T14:40:07.134] [INFO] info - Request GET /activity/ Status code 200 OK
[2022-05-10T14:40:07.172] [INFO] info - Request POST /activity/add
[2022-05-10T14:40:07.212] [INFO] info - Request POST /activity/add Status code 201 OK
[2022-05-10T14:40:07.253] [INFO] info - Request DELETE /activity/delete:id
[2022-05-10T14:40:07.292] [INFO] info - Request DELETE /activity/delete/:id Status code 201 OK
[2022-05-10T14:40:07.308] [INFO] info - Request GET /users/list
[2022-05-10T14:40:07.339] [INFO] info - Request GET /users/list Status 200 OK
[2022-05-10T14:40:07.359] [INFO] info - Request POST /users/add
[2022-05-10T14:40:07.535] [INFO] info - Request POST /users/add Status 201 OK
[2022-05-10T14:40:07.549] [INFO] info - Request POST /users/login
[2022-05-10T14:40:07.758] [INFO] info - Request POST /users/login
[2022-05-10T14:40:07.993] [INFO] info - Request POST /users/update/:id
[2022-05-10T14:40:08.077] [INFO] info - Request POST /users/update/:id Status 201 OK
[2022-05-10T14:40:08.135] [INFO] info - Request DELETE /users/delete/:id
[2022-05-10T14:40:08.176] [INFO] info - Request POST /users/delete/:id Status 201 OK
[2022-05-10T14:40:08.198] [INFO] info - Request GET /rooms/
[2022-05-10T14:40:08.232] [INFO] info - Request GET /rooms/ Status 201 OK
[2022-05-10T14:40:08.249] [INFO] info - Request POST /rooms/add
[2022-05-10T14:40:08.312] [INFO] info - Request POST /rooms/add Status 201 OK
[2022-05-10T14:40:08.330] [INFO] info - Request POST /rooms/add
[2022-05-10T14:40:08.405] [INFO] info - Request PATCH /rooms/update/:id
[2022-05-10T14:40:08.475] [INFO] info - Request POST /rooms/update/:id Status 201 OK
[2022-05-10T14:40:08.522] [INFO] info - Request DELETE /rooms/delete/:id
[2022-05-10T14:40:08.640] [INFO] info - Request DELETE /rooms/delete/:id Status 201 OK
[2022-05-11T18:36:35.827] [INFO] info - Request GET /activity/
[2022-05-11T18:36:44.854] [INFO] info - Server connected on port: 4000
[2022-05-11T18:36:45.892] [INFO] info - Request POST /activity/add
[2022-05-11T18:36:51.617] [INFO] info - Request GET /activity/ Status code 200 OK
[2022-05-11T18:36:51.627] [INFO] info - Request POST /activity/add Status code 201 OK
[2022-05-11T18:36:55.331] [INFO] info - Request DELETE /activity/delete:id
[2022-05-11T18:36:56.040] [INFO] info - Request DELETE /activity/delete/:id Status code 201 OK
[2022-05-11T18:36:56.056] [INFO] info - Request GET /users/list
[2022-05-11T18:36:56.551] [INFO] info - Request GET /users/list Status 200 OK
[2022-05-11T18:36:56.589] [INFO] info - Request POST /users/add
[2022-05-11T18:36:58.275] [INFO] info - Request POST /users/add Status 201 OK
[2022-05-11T18:36:58.290] [INFO] info - Request POST /users/login
[2022-05-11T18:36:59.707] [INFO] info - Request POST /users/login
[2022-05-11T18:37:00.865] [INFO] info - Request POST /users/update/:id
[2022-05-11T18:37:01.684] [INFO] info - Request POST /users/update/:id Status 201 OK
[2022-05-11T18:37:02.110] [INFO] info - Request DELETE /users/delete/:id
[2022-05-11T18:37:02.823] [INFO] info - Request POST /users/delete/:id Status 201 OK
[2022-05-11T18:37:02.838] [INFO] info - Request GET /rooms/
[2022-05-11T18:37:03.244] [INFO] info - Request GET /rooms/ Status 201 OK
[2022-05-11T18:37:03.274] [INFO] info - Request POST /rooms/add
[2022-05-11T18:37:06.063] [INFO] info - Request POST /rooms/add Status 201 OK
[2022-05-11T18:37:06.076] [INFO] info - Request POST /rooms/add
[2022-05-11T18:37:06.885] [INFO] info - Request PATCH /rooms/update/:id
[2022-05-11T18:37:07.778] [INFO] info - Request POST /rooms/update/:id Status 201 OK
[2022-05-11T18:37:08.185] [INFO] info - Request DELETE /rooms/delete/:id
[2022-05-11T18:37:08.996] [INFO] info - Request DELETE /rooms/delete/:id Status 201 OK
[2022-05-11T18:37:26.636] [INFO] info - Request GET /activity/
[2022-05-11T18:37:27.236] [INFO] info - Server connected on port: 4000
[2022-05-11T18:37:28.290] [INFO] info - Request GET /activity/ Status code 200 OK
[2022-05-11T18:37:28.324] [INFO] info - Request POST /activity/add
[2022-05-11T18:37:28.453] [INFO] info - Request POST /activity/add Status code 201 OK
[2022-05-11T18:37:28.540] [INFO] info - Request DELETE /activity/delete:id
[2022-05-11T18:37:28.639] [INFO] info - Request DELETE /activity/delete/:id Status code 201 OK
[2022-05-11T18:37:28.671] [INFO] info - Request GET /users/list
[2022-05-11T18:37:28.756] [INFO] info - Request GET /users/list Status 200 OK
[2022-05-11T18:37:28.793] [INFO] info - Request POST /users/add
[2022-05-11T18:37:29.054] [INFO] info - Request POST /users/add Status 201 OK
[2022-05-11T18:37:29.088] [INFO] info - Request POST /users/login
[2022-05-11T18:37:29.358] [INFO] info - Request POST /users/login
[2022-05-11T18:37:29.790] [INFO] info - Request POST /users/update/:id
[2022-05-11T18:37:30.567] [INFO] info - Request POST /users/update/:id Status 201 OK
[2022-05-11T18:37:30.662] [INFO] info - Request DELETE /users/delete/:id
[2022-05-11T18:37:30.852] [INFO] info - Request POST /users/delete/:id Status 201 OK
[2022-05-11T18:37:30.883] [INFO] info - Request GET /rooms/
[2022-05-11T18:37:30.956] [INFO] info - Request GET /rooms/ Status 201 OK
[2022-05-11T18:37:30.968] [INFO] info - Request POST /rooms/add
[2022-05-11T18:37:31.211] [INFO] info - Request POST /rooms/add Status 201 OK
[2022-05-11T18:37:31.245] [INFO] info - Request POST /rooms/add
[2022-05-11T18:37:31.515] [INFO] info - Request PATCH /rooms/update/:id
[2022-05-11T18:37:31.695] [INFO] info - Request POST /rooms/update/:id Status 201 OK
[2022-05-11T18:37:31.810] [INFO] info - Request DELETE /rooms/delete/:id
[2022-05-11T18:37:31.911] [INFO] info - Request DELETE /rooms/delete/:id Status 201 OK
[2022-05-11T21:29:58.926] [INFO] info - Request GET /activity/
[2022-05-11T21:29:59.752] [INFO] info - Server connected on port: 4000
[2022-05-11T21:30:00.419] [INFO] info - Request GET /activity/ Status code 200 OK
[2022-05-11T21:30:00.471] [INFO] info - Request POST /activity/add
[2022-05-11T21:30:00.543] [INFO] info - Request POST /activity/add Status code 201 OK
[2022-05-11T21:30:00.603] [INFO] info - Request DELETE /activity/delete:id
[2022-05-11T21:30:00.669] [INFO] info - Request DELETE /activity/delete/:id Status code 201 OK
[2022-05-11T21:30:00.705] [INFO] info - Request GET /users/list
[2022-05-11T21:30:00.756] [INFO] info - Request GET /users/list Status 200 OK
[2022-05-11T21:30:00.782] [INFO] info - Request POST /users/add
[2022-05-11T21:30:01.070] [INFO] info - Request POST /users/add Status 201 OK
[2022-05-11T21:30:01.082] [INFO] info - Request POST /users/login
[2022-05-11T21:30:01.339] [INFO] info - Request POST /users/login
[2022-05-11T21:30:01.636] [INFO] info - Request POST /users/update/:id
[2022-05-11T21:30:01.745] [INFO] info - Request POST /users/update/:id Status 201 OK
[2022-05-11T21:30:01.826] [INFO] info - Request DELETE /users/delete/:id
[2022-05-11T21:30:01.878] [INFO] info - Request POST /users/delete/:id Status 201 OK
[2022-05-11T21:30:01.891] [INFO] info - Request GET /rooms/
[2022-05-11T21:30:01.946] [INFO] info - Request GET /rooms/ Status 201 OK
[2022-05-11T21:30:01.962] [INFO] info - Request POST /rooms/add
[2022-05-11T21:30:02.076] [INFO] info - Request POST /rooms/add Status 201 OK
[2022-05-11T21:30:02.092] [INFO] info - Request POST /rooms/add
[2022-05-11T21:30:02.201] [INFO] info - Request PATCH /rooms/update/:id
[2022-05-11T21:30:02.305] [INFO] info - Request POST /rooms/update/:id Status 201 OK
[2022-05-11T21:30:02.377] [INFO] info - Request DELETE /rooms/delete/:id
[2022-05-11T21:30:02.427] [INFO] info - Request DELETE /rooms/delete/:id Status 201 OK
